# JRE version: Java(TM) SE Runtime Environment (8.0_311-b11) (build 1.8.0_311-b11)
# Java VM: Java HotSpot(TM) 64-Bit Server VM (25.311-b11 mixed mode bsd-amd64 compressed oops)
Heap:
 PSYoungGen      total 72704K, used 50033K [0x0000000795580000, 0x000000079c700000, 0x00000007c0000000)
  eden space 56832K, 60% used [0x0000000795580000,0x0000000797741f20,0x0000000798d00000)
  from space 15872K, 97% used [0x0000000798d00000,0x0000000799c1a858,0x0000000799c80000)
  to   space 17920K, 0% used [0x000000079b580000,0x000000079b580000,0x000000079c700000)
 ParOldGen       total 119296K, used 74439K [0x0000000740000000, 0x0000000747480000, 0x0000000795580000)
  object space 119296K, 62% used [0x0000000740000000,0x00000007448b1ea0,0x0000000747480000)
 Metaspace       used 36778K, capacity 37884K, committed 38016K, reserved 1083392K
  class space    used 4723K, capacity 4976K, committed 4992K, reserved 1048576K
GC Heap History (10 events):
Event: 68.086 GC heap before
{Heap before GC invocations=9 (full 2):
 PSYoungGen      total 35328K, used 32768K [0x0000000795580000, 0x0000000799c00000, 0x00000007c0000000)
  eden space 32768K, 100% used [0x0000000795580000,0x0000000797580000,0x0000000797580000)
  from space 2560K, 0% used [0x0000000799980000,0x0000000799980000,0x0000000799c00000)
  to   space 16896K, 0% used [0x0000000797b00000,0x0000000797b00000,0x0000000798b80000)
 ParOldGen       total 119296K, used 67590K [0x0000000740000000, 0x0000000747480000, 0x0000000795580000)
  object space 119296K, 56% used [0x0000000740000000,0x0000000744201b68,0x0000000747480000)
 Metaspace       used 32761K, capacity 33786K, committed 34048K, reserved 1079296K
  class space    used 4262K, capacity 4489K, committed 4608K, reserved 1048576K
Event: 68.095 GC heap after
Heap after GC invocations=9 (full 2):
 PSYoungGen      total 36864K, used 4157K [0x0000000795580000, 0x0000000799a00000, 0x00000007c0000000)
  eden space 32256K, 0% used [0x0000000795580000,0x0000000795580000,0x0000000797500000)
  from space 4608K, 90% used [0x0000000797b00000,0x0000000797f0f638,0x0000000797f80000)
  to   space 15872K, 0% used [0x0000000798a80000,0x0000000798a80000,0x0000000799a00000)
 ParOldGen       total 119296K, used 67598K [0x0000000740000000, 0x0000000747480000, 0x0000000795580000)
  object space 119296K, 56% used [0x0000000740000000,0x0000000744203b68,0x0000000747480000)
 Metaspace       used 32761K, capacity 33786K, committed 34048K, reserved 1079296K
  class space    used 4262K, capacity 4489K, committed 4608K, reserved 1048576K
}
Event: 68.857 GC heap before
{Heap before GC invocations=10 (full 2):
 PSYoungGen      total 36864K, used 36413K [0x0000000795580000, 0x0000000799a00000, 0x00000007c0000000)
  eden space 32256K, 100% used [0x0000000795580000,0x0000000797500000,0x0000000797500000)
  from space 4608K, 90% used [0x0000000797b00000,0x0000000797f0f638,0x0000000797f80000)
  to   space 15872K, 0% used [0x0000000798a80000,0x0000000798a80000,0x0000000799a00000)
 ParOldGen       total 119296K, used 67598K [0x0000000740000000, 0x0000000747480000, 0x0000000795580000)
  object space 119296K, 56% used [0x0000000740000000,0x0000000744203b68,0x0000000747480000)
 Metaspace       used 35645K, capacity 36694K, committed 36992K, reserved 1081344K
  class space    used 4632K, capacity 4893K, committed 4992K, reserved 1048576K
Event: 68.867 GC heap after
Heap after GC invocations=10 (full 2):
 PSYoungGen      total 38912K, used 4892K [0x0000000795580000, 0x0000000799180000, 0x00000007c0000000)
  eden space 31744K, 0% used [0x0000000795580000,0x0000000795580000,0x0000000797480000)
  from space 7168K, 68% used [0x0000000798a80000,0x0000000798f470f8,0x0000000799180000)
  to   space 14848K, 0% used [0x0000000797480000,0x0000000797480000,0x0000000798300000)
 ParOldGen       total 119296K, used 67606K [0x0000000740000000, 0x0000000747480000, 0x0000000795580000)
  object space 119296K, 56% used [0x0000000740000000,0x0000000744205b68,0x0000000747480000)
 Metaspace       used 35645K, capacity 36694K, committed 36992K, reserved 1081344K
  class space    used 4632K, capacity 4893K, committed 4992K, reserved 1048576K
}
Event: 69.226 GC heap before
{Heap before GC invocations=11 (full 2):
 PSYoungGen      total 38912K, used 36636K [0x0000000795580000, 0x0000000799180000, 0x00000007c0000000)
  eden space 31744K, 99% used [0x0000000795580000,0x000000079747ffb0,0x0000000797480000)
  from space 7168K, 68% used [0x0000000798a80000,0x0000000798f470f8,0x0000000799180000)
  to   space 14848K, 0% used [0x0000000797480000,0x0000000797480000,0x0000000798300000)
 ParOldGen       total 119296K, used 67606K [0x0000000740000000, 0x0000000747480000, 0x0000000795580000)
  object space 119296K, 56% used [0x0000000740000000,0x0000000744205b68,0x0000000747480000)
 Metaspace       used 35940K, capacity 37052K, committed 37248K, reserved 1081344K
  class space    used 4658K, capacity 4900K, committed 4992K, reserved 1048576K
Event: 69.245 GC heap after
Heap after GC invocations=11 (full 2):
 PSYoungGen      total 46592K, used 7567K [0x0000000795580000, 0x000000079af80000, 0x00000007c0000000)
  eden space 31744K, 0% used [0x0000000795580000,0x0000000795580000,0x0000000797480000)
  from space 14848K, 50% used [0x0000000797480000,0x0000000797be3c38,0x0000000798300000)
  to   space 14848K, 0% used [0x000000079a100000,0x000000079a100000,0x000000079af80000)
 ParOldGen       total 119296K, used 67614K [0x0000000740000000, 0x0000000747480000, 0x0000000795580000)
  object space 119296K, 56% used [0x0000000740000000,0x0000000744207b68,0x0000000747480000)
 Metaspace       used 35940K, capacity 37052K, committed 37248K, reserved 1081344K
  class space    used 4658K, capacity 4900K, committed 4992K, reserved 1048576K
}
Event: 69.689 GC heap before
{Heap before GC invocations=12 (full 2):
 PSYoungGen      total 46592K, used 39043K [0x0000000795580000, 0x000000079af80000, 0x00000007c0000000)
  eden space 31744K, 99% used [0x0000000795580000,0x000000079743d1d0,0x0000000797480000)
  from space 14848K, 50% used [0x0000000797480000,0x0000000797be3c38,0x0000000798300000)
  to   space 14848K, 0% used [0x000000079a100000,0x000000079a100000,0x000000079af80000)
 ParOldGen       total 119296K, used 67614K [0x0000000740000000, 0x0000000747480000, 0x0000000795580000)
  object space 119296K, 56% used [0x0000000740000000,0x0000000744207b68,0x0000000747480000)
 Metaspace       used 36503K, capacity 37586K, committed 37760K, reserved 1081344K
  class space    used 4703K, capacity 4967K, committed 4992K, reserved 1048576K
Event: 69.703 GC heap after
Heap after GC invocations=12 (full 2):
 PSYoungGen      total 61952K, used 11108K [0x0000000795580000, 0x000000079ac00000, 0x00000007c0000000)
  eden space 50688K, 0% used [0x0000000795580000,0x0000000795580000,0x0000000798700000)
  from space 11264K, 98% used [0x000000079a100000,0x000000079abd9298,0x000000079ac00000)
  to   space 15872K, 0% used [0x0000000798d00000,0x0000000798d00000,0x0000000799c80000)
 ParOldGen       total 119296K, used 70309K [0x0000000740000000, 0x0000000747480000, 0x0000000795580000)
  object space 119296K, 58% used [0x0000000740000000,0x00000007444a96d0,0x0000000747480000)
 Metaspace       used 36503K, capacity 37586K, committed 37760K, reserved 1081344K
  class space    used 4703K, capacity 4967K, committed 4992K, reserved 1048576K
}
Event: 70.471 GC heap before
{Heap before GC invocations=13 (full 2):
 PSYoungGen      total 61952K, used 61197K [0x0000000795580000, 0x000000079ac00000, 0x00000007c0000000)
  eden space 50688K, 98% used [0x0000000795580000,0x000000079866a368,0x0000000798700000)
  from space 11264K, 98% used [0x000000079a100000,0x000000079abd9298,0x000000079ac00000)
  to   space 15872K, 0% used [0x0000000798d00000,0x0000000798d00000,0x0000000799c80000)
 ParOldGen       total 119296K, used 70309K [0x0000000740000000, 0x0000000747480000, 0x0000000795580000)
  object space 119296K, 58% used [0x0000000740000000,0x00000007444a96d0,0x0000000747480000)
 Metaspace       used 36660K, capacity 37742K, committed 38016K, reserved 1083392K
  class space    used 4714K, capacity 4973K, committed 4992K, reserved 1048576K
Event: 70.481 GC heap after
Heap after GC invocations=13 (full 2):
 PSYoungGen      total 72704K, used 15466K [0x0000000795580000, 0x000000079c700000, 0x00000007c0000000)
  eden space 56832K, 0% used [0x0000000795580000,0x0000000795580000,0x0000000798d00000)
  from space 15872K, 97% used [0x0000000798d00000,0x0000000799c1a858,0x0000000799c80000)
  to   space 17920K, 0% used [0x000000079b580000,0x000000079b580000,0x000000079c700000)
 ParOldGen       total 119296K, used 74439K [0x0000000740000000, 0x0000000747480000, 0x0000000795580000)
  object space 119296K, 62% used [0x0000000740000000,0x00000007448b1ea0,0x0000000747480000)
 Metaspace       used 36660K, capacity 37742K, committed 38016K, reserved 1083392K
  class space    used 4714K, capacity 4973K, committed 4992K, reserved 1048576K
}

