# JRE version: Java(TM) SE Runtime Environment (8.0_311-b11) (build 1.8.0_311-b11)
# Java VM: Java HotSpot(TM) 64-Bit Server VM (25.311-b11 mixed mode bsd-amd64 compressed oops)
Heap:
 PSYoungGen      total 108544K, used 90235K [0x0000000795580000, 0x00000007a2a80000, 0x00000007c0000000)
  eden space 83968K, 78% used [0x0000000795580000,0x00000007995a5898,0x000000079a780000)
  from space 24576K, 99% used [0x000000079a780000,0x000000079bf79648,0x000000079bf80000)
  to   space 29696K, 0% used [0x00000007a0d80000,0x00000007a0d80000,0x00000007a2a80000)
 ParOldGen       total 139264K, used 72496K [0x0000000740000000, 0x0000000748800000, 0x0000000795580000)
  object space 139264K, 52% used [0x0000000740000000,0x00000007446cc1a0,0x0000000748800000)
 Metaspace       used 33537K, capacity 34598K, committed 34904K, reserved 1079296K
  class space    used 4361K, capacity 4636K, committed 4736K, reserved 1048576K
GC Heap History (10 events):
Event: 21.239 GC heap before
{Heap before GC invocations=7 (full 2):
 PSYoungGen      total 38400K, used 5096K [0x0000000795580000, 0x000000079a080000, 0x00000007c0000000)
  eden space 33280K, 0% used [0x0000000795580000,0x0000000795580000,0x0000000797600000)
  from space 5120K, 99% used [0x0000000797600000,0x0000000797afa3a0,0x0000000797b00000)
  to   space 5120K, 0% used [0x0000000799b80000,0x0000000799b80000,0x000000079a080000)
 ParOldGen       total 202240K, used 199449K [0x0000000740000000, 0x000000074c580000, 0x0000000795580000)
  object space 202240K, 98% used [0x0000000740000000,0x000000074c2c6558,0x000000074c580000)
 Metaspace       used 26164K, capacity 27000K, committed 27096K, reserved 1073152K
  class space    used 3540K, capacity 3745K, committed 3840K, reserved 1048576K
Event: 21.291 GC heap after
Heap after GC invocations=7 (full 2):
 PSYoungGen      total 38400K, used 0K [0x0000000795580000, 0x000000079a080000, 0x00000007c0000000)
  eden space 33280K, 0% used [0x0000000795580000,0x0000000795580000,0x0000000797600000)
  from space 5120K, 0% used [0x0000000797600000,0x0000000797600000,0x0000000797b00000)
  to   space 5120K, 0% used [0x0000000799b80000,0x0000000799b80000,0x000000079a080000)
 ParOldGen       total 139264K, used 71662K [0x0000000740000000, 0x0000000748800000, 0x0000000795580000)
  object space 139264K, 51% used [0x0000000740000000,0x00000007445fba10,0x0000000748800000)
 Metaspace       used 26164K, capacity 27000K, committed 27096K, reserved 1073152K
  class space    used 3540K, capacity 3745K, committed 3840K, reserved 1048576K
}
Event: 22.135 GC heap before
{Heap before GC invocations=8 (full 2):
 PSYoungGen      total 38400K, used 33280K [0x0000000795580000, 0x000000079a080000, 0x00000007c0000000)
  eden space 33280K, 100% used [0x0000000795580000,0x0000000797600000,0x0000000797600000)
  from space 5120K, 0% used [0x0000000797600000,0x0000000797600000,0x0000000797b00000)
  to   space 5120K, 0% used [0x0000000799b80000,0x0000000799b80000,0x000000079a080000)
 ParOldGen       total 139264K, used 71662K [0x0000000740000000, 0x0000000748800000, 0x0000000795580000)
  object space 139264K, 51% used [0x0000000740000000,0x00000007445fba10,0x0000000748800000)
 Metaspace       used 29426K, capacity 30282K, committed 30552K, reserved 1075200K
  class space    used 3960K, capacity 4184K, committed 4224K, reserved 1048576K
Event: 22.145 GC heap after
Heap after GC invocations=8 (full 2):
 PSYoungGen      total 49664K, used 3372K [0x0000000795580000, 0x000000079c680000, 0x00000007c0000000)
  eden space 44544K, 0% used [0x0000000795580000,0x0000000795580000,0x0000000798100000)
  from space 5120K, 65% used [0x0000000799b80000,0x0000000799ecb318,0x000000079a080000)
  to   space 27136K, 0% used [0x0000000798100000,0x0000000798100000,0x0000000799b80000)
 ParOldGen       total 139264K, used 71670K [0x0000000740000000, 0x0000000748800000, 0x0000000795580000)
  object space 139264K, 51% used [0x0000000740000000,0x00000007445fda10,0x0000000748800000)
 Metaspace       used 29426K, capacity 30282K, committed 30552K, reserved 1075200K
  class space    used 3960K, capacity 4184K, committed 4224K, reserved 1048576K
}
Event: 22.578 GC heap before
{Heap before GC invocations=9 (full 2):
 PSYoungGen      total 49664K, used 47597K [0x0000000795580000, 0x000000079c680000, 0x00000007c0000000)
  eden space 44544K, 99% used [0x0000000795580000,0x00000007980b0370,0x0000000798100000)
  from space 5120K, 65% used [0x0000000799b80000,0x0000000799ecb318,0x000000079a080000)
  to   space 27136K, 0% used [0x0000000798100000,0x0000000798100000,0x0000000799b80000)
 ParOldGen       total 139264K, used 71670K [0x0000000740000000, 0x0000000748800000, 0x0000000795580000)
  object space 139264K, 51% used [0x0000000740000000,0x00000007445fda10,0x0000000748800000)
 Metaspace       used 29696K, capacity 30620K, committed 30936K, reserved 1075200K
  class space    used 3987K, capacity 4225K, committed 4352K, reserved 1048576K
Event: 22.595 GC heap after
Heap after GC invocations=9 (full 2):
 PSYoungGen      total 71680K, used 5777K [0x0000000795580000, 0x000000079d880000, 0x00000007c0000000)
  eden space 44544K, 0% used [0x0000000795580000,0x0000000795580000,0x0000000798100000)
  from space 27136K, 21% used [0x0000000798100000,0x00000007986a4508,0x0000000799b80000)
  to   space 25088K, 0% used [0x000000079c000000,0x000000079c000000,0x000000079d880000)
 ParOldGen       total 139264K, used 71678K [0x0000000740000000, 0x0000000748800000, 0x0000000795580000)
  object space 139264K, 51% used [0x0000000740000000,0x00000007445ffa10,0x0000000748800000)
 Metaspace       used 29696K, capacity 30620K, committed 30936K, reserved 1075200K
  class space    used 3987K, capacity 4225K, committed 4352K, reserved 1048576K
}
Event: 23.623 GC heap before
{Heap before GC invocations=10 (full 2):
 PSYoungGen      total 71680K, used 50321K [0x0000000795580000, 0x000000079d880000, 0x00000007c0000000)
  eden space 44544K, 100% used [0x0000000795580000,0x0000000798100000,0x0000000798100000)
  from space 27136K, 21% used [0x0000000798100000,0x00000007986a4508,0x0000000799b80000)
  to   space 25088K, 0% used [0x000000079c000000,0x000000079c000000,0x000000079d880000)
 ParOldGen       total 139264K, used 71678K [0x0000000740000000, 0x0000000748800000, 0x0000000795580000)
  object space 139264K, 51% used [0x0000000740000000,0x00000007445ffa10,0x0000000748800000)
 Metaspace       used 30375K, capacity 31338K, committed 31704K, reserved 1077248K
  class space    used 4043K, capacity 4266K, committed 4352K, reserved 1048576K
Event: 23.643 GC heap after
Heap after GC invocations=10 (full 2):
 PSYoungGen      total 108032K, used 11495K [0x0000000795580000, 0x000000079d780000, 0x00000007c0000000)
  eden space 83968K, 0% used [0x0000000795580000,0x0000000795580000,0x000000079a780000)
  from space 24064K, 47% used [0x000000079c000000,0x000000079cb39ca8,0x000000079d780000)
  to   space 24576K, 0% used [0x000000079a780000,0x000000079a780000,0x000000079bf80000)
 ParOldGen       total 139264K, used 71686K [0x0000000740000000, 0x0000000748800000, 0x0000000795580000)
  object space 139264K, 51% used [0x0000000740000000,0x0000000744601a10,0x0000000748800000)
 Metaspace       used 30375K, capacity 31338K, committed 31704K, reserved 1077248K
  class space    used 4043K, capacity 4266K, committed 4352K, reserved 1048576K
}
Event: 24.748 GC heap before
{Heap before GC invocations=11 (full 2):
 PSYoungGen      total 108032K, used 91000K [0x0000000795580000, 0x000000079d780000, 0x00000007c0000000)
  eden space 83968K, 94% used [0x0000000795580000,0x000000079a324570,0x000000079a780000)
  from space 24064K, 47% used [0x000000079c000000,0x000000079cb39ca8,0x000000079d780000)
  to   space 24576K, 0% used [0x000000079a780000,0x000000079a780000,0x000000079bf80000)
 ParOldGen       total 139264K, used 71686K [0x0000000740000000, 0x0000000748800000, 0x0000000795580000)
  object space 139264K, 51% used [0x0000000740000000,0x0000000744601a10,0x0000000748800000)
 Metaspace       used 30611K, capacity 31544K, committed 31704K, reserved 1077248K
  class space    used 4052K, capacity 4269K, committed 4352K, reserved 1048576K
Event: 24.773 GC heap after
Heap after GC invocations=11 (full 2):
 PSYoungGen      total 108544K, used 24549K [0x0000000795580000, 0x00000007a2a80000, 0x00000007c0000000)
  eden space 83968K, 0% used [0x0000000795580000,0x0000000795580000,0x000000079a780000)
  from space 24576K, 99% used [0x000000079a780000,0x000000079bf79648,0x000000079bf80000)
  to   space 29696K, 0% used [0x00000007a0d80000,0x00000007a0d80000,0x00000007a2a80000)
 ParOldGen       total 139264K, used 72496K [0x0000000740000000, 0x0000000748800000, 0x0000000795580000)
  object space 139264K, 52% used [0x0000000740000000,0x00000007446cc1a0,0x0000000748800000)
 Metaspace       used 30611K, capacity 31544K, committed 31704K, reserved 1077248K
  class space    used 4052K, capacity 4269K, committed 4352K, reserved 1048576K
}

