# JRE version: Java(TM) SE Runtime Environment (8.0_311-b11) (build 1.8.0_311-b11)
# Java VM: Java HotSpot(TM) 64-Bit Server VM (25.311-b11 mixed mode bsd-amd64 compressed oops)
Heap:
 PSYoungGen      total 71168K, used 2230K [0x0000000795580000, 0x000000079ec80000, 0x00000007c0000000)
  eden space 50688K, 4% used [0x0000000795580000,0x00000007957ada28,0x0000000798700000)
  from space 20480K, 0% used [0x0000000798700000,0x0000000798700000,0x0000000799b00000)
  to   space 27648K, 0% used [0x000000079d180000,0x000000079d180000,0x000000079ec80000)
 ParOldGen       total 158720K, used 96177K [0x0000000740000000, 0x0000000749b00000, 0x0000000795580000)
  object space 158720K, 60% used [0x0000000740000000,0x0000000745dec598,0x0000000749b00000)
 Metaspace       used 36802K, capacity 37896K, committed 38016K, reserved 1083392K
  class space    used 4736K, capacity 4982K, committed 4992K, reserved 1048576K
GC Heap History (10 events):
Event: 56.945 GC heap before
{Heap before GC invocations=8 (full 2):
 PSYoungGen      total 71680K, used 66560K [0x0000000795580000, 0x000000079a080000, 0x00000007c0000000)
  eden space 66560K, 100% used [0x0000000795580000,0x0000000799680000,0x0000000799680000)
  from space 5120K, 0% used [0x0000000799680000,0x0000000799680000,0x0000000799b80000)
  to   space 5120K, 0% used [0x0000000799b80000,0x0000000799b80000,0x000000079a080000)
 ParOldGen       total 104448K, used 63660K [0x0000000740000000, 0x0000000746600000, 0x0000000795580000)
  object space 104448K, 60% used [0x0000000740000000,0x0000000743e2b050,0x0000000746600000)
 Metaspace       used 35635K, capacity 36692K, committed 36992K, reserved 1081344K
  class space    used 4635K, capacity 4892K, committed 4992K, reserved 1048576K
Event: 56.970 GC heap after
Heap after GC invocations=8 (full 2):
 PSYoungGen      total 60928K, used 5098K [0x0000000795580000, 0x000000079b380000, 0x00000007c0000000)
  eden space 55808K, 0% used [0x0000000795580000,0x0000000795580000,0x0000000798c00000)
  from space 5120K, 99% used [0x0000000799b80000,0x000000079a07aa00,0x000000079a080000)
  to   space 15872K, 0% used [0x0000000798c00000,0x0000000798c00000,0x0000000799b80000)
 ParOldGen       total 104448K, used 79491K [0x0000000740000000, 0x0000000746600000, 0x0000000795580000)
  object space 104448K, 76% used [0x0000000740000000,0x0000000744da0c90,0x0000000746600000)
 Metaspace       used 35635K, capacity 36692K, committed 36992K, reserved 1081344K
  class space    used 4635K, capacity 4892K, committed 4992K, reserved 1048576K
}
Event: 57.506 GC heap before
{Heap before GC invocations=9 (full 2):
 PSYoungGen      total 60928K, used 60865K [0x0000000795580000, 0x000000079b380000, 0x00000007c0000000)
  eden space 55808K, 99% used [0x0000000795580000,0x0000000798bf5d90,0x0000000798c00000)
  from space 5120K, 99% used [0x0000000799b80000,0x000000079a07aa00,0x000000079a080000)
  to   space 15872K, 0% used [0x0000000798c00000,0x0000000798c00000,0x0000000799b80000)
 ParOldGen       total 104448K, used 79491K [0x0000000740000000, 0x0000000746600000, 0x0000000795580000)
  object space 104448K, 76% used [0x0000000740000000,0x0000000744da0c90,0x0000000746600000)
 Metaspace       used 36267K, capacity 37312K, committed 37504K, reserved 1081344K
  class space    used 4704K, capacity 4966K, committed 4992K, reserved 1048576K
Event: 57.511 GC heap after
Heap after GC invocations=9 (full 2):
 PSYoungGen      total 65536K, used 11121K [0x0000000795580000, 0x000000079ab80000, 0x00000007c0000000)
  eden space 54272K, 0% used [0x0000000795580000,0x0000000795580000,0x0000000798a80000)
  from space 11264K, 98% used [0x0000000798c00000,0x00000007996dc6a0,0x0000000799700000)
  to   space 16896K, 0% used [0x0000000799b00000,0x0000000799b00000,0x000000079ab80000)
 ParOldGen       total 104448K, used 79499K [0x0000000740000000, 0x0000000746600000, 0x0000000795580000)
  object space 104448K, 76% used [0x0000000740000000,0x0000000744da2c90,0x0000000746600000)
 Metaspace       used 36267K, capacity 37312K, committed 37504K, reserved 1081344K
  class space    used 4704K, capacity 4966K, committed 4992K, reserved 1048576K
}
Event: 58.570 GC heap before
{Heap before GC invocations=10 (full 2):
 PSYoungGen      total 65536K, used 63483K [0x0000000795580000, 0x000000079ab80000, 0x00000007c0000000)
  eden space 54272K, 96% used [0x0000000795580000,0x00000007988a27b0,0x0000000798a80000)
  from space 11264K, 98% used [0x0000000798c00000,0x00000007996dc6a0,0x0000000799700000)
  to   space 16896K, 0% used [0x0000000799b00000,0x0000000799b00000,0x000000079ab80000)
 ParOldGen       total 104448K, used 79499K [0x0000000740000000, 0x0000000746600000, 0x0000000795580000)
  object space 104448K, 76% used [0x0000000740000000,0x0000000744da2c90,0x0000000746600000)
 Metaspace       used 36615K, capacity 37746K, committed 38016K, reserved 1083392K
  class space    used 4721K, capacity 4977K, committed 4992K, reserved 1048576K
Event: 58.590 GC heap after
Heap after GC invocations=10 (full 2):
 PSYoungGen      total 67584K, used 16867K [0x0000000795580000, 0x000000079e400000, 0x00000007c0000000)
  eden space 50688K, 0% used [0x0000000795580000,0x0000000795580000,0x0000000798700000)
  from space 16896K, 99% used [0x0000000799b00000,0x000000079ab78d50,0x000000079ab80000)
  to   space 20480K, 0% used [0x0000000798700000,0x0000000798700000,0x0000000799b00000)
 ParOldGen       total 104448K, used 80922K [0x0000000740000000, 0x0000000746600000, 0x0000000795580000)
  object space 104448K, 77% used [0x0000000740000000,0x0000000744f06958,0x0000000746600000)
 Metaspace       used 36615K, capacity 37746K, committed 38016K, reserved 1083392K
  class space    used 4721K, capacity 4977K, committed 4992K, reserved 1048576K
}
Event: 59.248 GC heap before
{Heap before GC invocations=11 (full 2):
 PSYoungGen      total 67584K, used 67555K [0x0000000795580000, 0x000000079e400000, 0x00000007c0000000)
  eden space 50688K, 100% used [0x0000000795580000,0x0000000798700000,0x0000000798700000)
  from space 16896K, 99% used [0x0000000799b00000,0x000000079ab78d50,0x000000079ab80000)
  to   space 20480K, 0% used [0x0000000798700000,0x0000000798700000,0x0000000799b00000)
 ParOldGen       total 104448K, used 80922K [0x0000000740000000, 0x0000000746600000, 0x0000000795580000)
  object space 104448K, 77% used [0x0000000740000000,0x0000000744f06958,0x0000000746600000)
 Metaspace       used 36799K, capacity 37896K, committed 38016K, reserved 1083392K
  class space    used 4735K, capacity 4982K, committed 4992K, reserved 1048576K
Event: 59.277 GC heap after
Heap after GC invocations=11 (full 2):
 PSYoungGen      total 71168K, used 20464K [0x0000000795580000, 0x000000079ec80000, 0x00000007c0000000)
  eden space 50688K, 0% used [0x0000000795580000,0x0000000795580000,0x0000000798700000)
  from space 20480K, 99% used [0x0000000798700000,0x0000000799afc2f8,0x0000000799b00000)
  to   space 27648K, 0% used [0x000000079d180000,0x000000079d180000,0x000000079ec80000)
 ParOldGen       total 104448K, used 89029K [0x0000000740000000, 0x0000000746600000, 0x0000000795580000)
  object space 104448K, 85% used [0x0000000740000000,0x00000007456f1518,0x0000000746600000)
 Metaspace       used 36799K, capacity 37896K, committed 38016K, reserved 1083392K
  class space    used 4735K, capacity 4982K, committed 4992K, reserved 1048576K
}
Event: 59.277 GC heap before
{Heap before GC invocations=12 (full 3):
 PSYoungGen      total 71168K, used 20464K [0x0000000795580000, 0x000000079ec80000, 0x00000007c0000000)
  eden space 50688K, 0% used [0x0000000795580000,0x0000000795580000,0x0000000798700000)
  from space 20480K, 99% used [0x0000000798700000,0x0000000799afc2f8,0x0000000799b00000)
  to   space 27648K, 0% used [0x000000079d180000,0x000000079d180000,0x000000079ec80000)
 ParOldGen       total 104448K, used 89029K [0x0000000740000000, 0x0000000746600000, 0x0000000795580000)
  object space 104448K, 85% used [0x0000000740000000,0x00000007456f1518,0x0000000746600000)
 Metaspace       used 36799K, capacity 37896K, committed 38016K, reserved 1083392K
  class space    used 4735K, capacity 4982K, committed 4992K, reserved 1048576K
Event: 59.390 GC heap after
Heap after GC invocations=12 (full 3):
 PSYoungGen      total 71168K, used 0K [0x0000000795580000, 0x000000079ec80000, 0x00000007c0000000)
  eden space 50688K, 0% used [0x0000000795580000,0x0000000795580000,0x0000000798700000)
  from space 20480K, 0% used [0x0000000798700000,0x0000000798700000,0x0000000799b00000)
  to   space 27648K, 0% used [0x000000079d180000,0x000000079d180000,0x000000079ec80000)
 ParOldGen       total 158720K, used 96177K [0x0000000740000000, 0x0000000749b00000, 0x0000000795580000)
  object space 158720K, 60% used [0x0000000740000000,0x0000000745dec598,0x0000000749b00000)
 Metaspace       used 36799K, capacity 37896K, committed 38016K, reserved 1083392K
  class space    used 4735K, capacity 4982K, committed 4992K, reserved 1048576K
}

